Build started 11/01/2016 10:42:54.
     1>Project "C:\projects\omiplayerOmni\omiPlayer.vcxproj" on node 2 (Build target(s)).
     1>Link:
         omiPlayer.vcxproj -> C:\projects\omiplayerOmni\x64\Release\omiPlayerOmni.exe
       PostBuildEvent:
         C:\projects\omiplayerOmni\post-build.bat "C:\projects\omiplayerOmni\x64\Release\"
         :VCEnd
         Copy DLLs to "C:\projects\omiplayerOmni\x64\Release\"
         0 File(s) copied
         0 File(s) copied
         0 File(s) copied
         0 File(s) copied
         0 File(s) copied
         0 File(s) copied
         0 File(s) copied
         0 File(s) copied
         0 File(s) copied
         0 File(s) copied
         0 File(s) copied
         0 File(s) copied
         0 File(s) copied
         0 File(s) copied
         0 File(s) copied
         0 File(s) copied
         0 File(s) copied
         0 File(s) copied
         0 File(s) copied
         0 File(s) copied
         0 File(s) copied
         0 File(s) copied
         0 File(s) copied
     1>Done Building Project "C:\projects\omiplayerOmni\omiPlayer.vcxproj" (Build target(s)).

Build succeeded.

Time Elapsed 00:00:00.25
